<?xml version="1.0" encoding="UTF-8"?>
<coverage generated="1696353204733" clover="3.2.0">
  <project timestamp="1696353204733" name="All files">
    <metrics statements="17" coveredstatements="14" conditionals="3" coveredconditionals="2" methods="14" coveredmethods="10" elements="34" coveredelements="26" complexity="0" loc="17" ncloc="17" packages="1" files="3" classes="3"/>
    <file name="Calculator.js" path="/Users/bronystylecrazy/Documents/GitHub/jest-introduction/Calculator.js">
      <metrics statements="6" coveredstatements="6" conditionals="2" coveredconditionals="2" methods="4" coveredmethods="4"/>
      <line num="3" count="1" type="stmt"/>
      <line num="7" count="1" type="stmt"/>
      <line num="11" count="1" type="stmt"/>
      <line num="15" count="2" type="cond" truecount="2" falsecount="0"/>
      <line num="16" count="1" type="stmt"/>
      <line num="20" count="1" type="stmt"/>
    </file>
    <file name="Counter.js" path="/Users/bronystylecrazy/Documents/GitHub/jest-introduction/Counter.js">
      <metrics statements="6" coveredstatements="6" conditionals="1" coveredconditionals="0" methods="5" coveredmethods="5"/>
      <line num="3" count="5" type="stmt"/>
      <line num="7" count="5" type="stmt"/>
      <line num="11" count="1" type="stmt"/>
      <line num="15" count="4" type="stmt"/>
      <line num="19" count="4" type="stmt"/>
      <line num="23" count="1" type="stmt"/>
    </file>
    <file name="ShoppingCart.js" path="/Users/bronystylecrazy/Documents/GitHub/jest-introduction/ShoppingCart.js">
      <metrics statements="5" coveredstatements="2" conditionals="0" coveredconditionals="0" methods="5" coveredmethods="1"/>
      <line num="3" count="4" type="stmt"/>
      <line num="7" count="0" type="stmt"/>
      <line num="11" count="0" type="stmt"/>
      <line num="17" count="0" type="stmt"/>
      <line num="21" count="1" type="stmt"/>
    </file>
  </project>
</coverage>
